This file contains any messages produced by compilers while
running configure, to aid debugging if configure makes a mistake.

It was created by libxml2 configure 2.9.14, which was
generated by GNU Autoconf 2.69.  Invocation command line was

  $ ./configure --prefix /home/cat/csscheck/myxml/xmlinst

## --------- ##
## Platform. ##
## --------- ##

hostname = cheshire
uname -m = x86_64
uname -r = 5.4.0-124-generic
uname -s = Linux
uname -v = #140-Ubuntu SMP Thu Aug 4 02:23:37 UTC 2022

/usr/bin/uname -p = unknown
/bin/uname -X     = unknown

/bin/arch              = unknown
/usr/bin/arch -k       = unknown
/usr/convex/getsysinfo = unknown
/usr/bin/hostinfo      = unknown
/bin/machine           = unknown
/usr/bin/oslevel       = unknown
/bin/universe          = unknown

PATH: /home/cat/.config/composer/vendor/bin
PATH: /home/cat/.local/bin
PATH: /home/cat/bin
PATH: /usr/local/sbin
PATH: /usr/local/bin
PATH: /usr/sbin
PATH: /usr/bin
PATH: /sbin
PATH: /bin
PATH: /usr/games
PATH: /usr/local/games
PATH: /snap/bin


## ----------- ##
## Core tests. ##
## ----------- ##

configure:2517: checking whether to enable maintainer-specific portions of Makefiles
configure:2526: result: yes
configure:2573: checking build system type
configure:2587: result: x86_64-pc-linux-gnu
configure:2607: checking host system type
configure:2620: result: x86_64-pc-linux-gnu
configure:2685: checking for a BSD-compatible install
configure:2753: result: /usr/bin/install -c
configure:2764: checking whether build environment is sane
configure:2819: result: yes
configure:2968: checking for a thread-safe mkdir -p
configure:3007: result: /bin/mkdir -p
configure:3014: checking for gawk
configure:3044: result: no
configure:3014: checking for mawk
configure:3030: found /usr/bin/mawk
configure:3041: result: mawk
configure:3052: checking whether make sets $(MAKE)
configure:3074: result: yes
configure:3103: checking whether make supports nested variables
configure:3120: result: yes
configure:3261: checking whether make supports nested variables
configure:3278: result: yes
configure:3338: checking for gcc
configure:3354: found /usr/bin/gcc
configure:3365: result: gcc
configure:3594: checking for C compiler version
configure:3603: gcc --version >&5
gcc (Ubuntu 9.4.0-1ubuntu1~20.04.1) 9.4.0
Copyright (C) 2019 Free Software Foundation, Inc.
This is free software; see the source for copying conditions.  There is NO
warranty; not even for MERCHANTABILITY or FITNESS FOR A PARTICULAR PURPOSE.

configure:3614: $? = 0
configure:3603: gcc -v >&5
Using built-in specs.
COLLECT_GCC=gcc
COLLECT_LTO_WRAPPER=/usr/lib/gcc/x86_64-linux-gnu/9/lto-wrapper
OFFLOAD_TARGET_NAMES=nvptx-none:hsa
OFFLOAD_TARGET_DEFAULT=1
Target: x86_64-linux-gnu
Configured with: ../src/configure -v --with-pkgversion='Ubuntu 9.4.0-1ubuntu1~20.04.1' --with-bugurl=file:///usr/share/doc/gcc-9/README.Bugs --enable-languages=c,ada,c++,go,brig,d,fortran,objc,obj-c++,gm2 --prefix=/usr --with-gcc-major-version-only --program-suffix=-9 --program-prefix=x86_64-linux-gnu- --enable-shared --enable-linker-build-id --libexecdir=/usr/lib --without-included-gettext --enable-threads=posix --libdir=/usr/lib --enable-nls --enable-clocale=gnu --enable-libstdcxx-debug --enable-libstdcxx-time=yes --with-default-libstdcxx-abi=new --enable-gnu-unique-object --disable-vtable-verify --enable-plugin --enable-default-pie --with-system-zlib --with-target-system-zlib=auto --enable-objc-gc=auto --enable-multiarch --disable-werror --with-arch-32=i686 --with-abi=m64 --with-multilib-list=m32,m64,mx32 --enable-multilib --with-tune=generic --enable-offload-targets=nvptx-none=/build/gcc-9-Av3uEd/gcc-9-9.4.0/debian/tmp-nvptx/usr,hsa --without-cuda-driver --enable-checking=release --build=x86_64-linux-gnu --host=x86_64-linux-gnu --target=x86_64-linux-gnu
Thread model: posix
gcc version 9.4.0 (Ubuntu 9.4.0-1ubuntu1~20.04.1) 
configure:3614: $? = 0
configure:3603: gcc -V >&5
gcc: error: unrecognized command line option '-V'
gcc: fatal error: no input files
compilation terminated.
configure:3614: $? = 1
configure:3603: gcc -qversion >&5
gcc: error: unrecognized command line option '-qversion'; did you mean '--version'?
gcc: fatal error: no input files
compilation terminated.
configure:3614: $? = 1
configure:3634: checking whether the C compiler works
configure:3656: gcc    conftest.c  >&5
configure:3660: $? = 0
configure:3708: result: yes
configure:3711: checking for C compiler default output file name
configure:3713: result: a.out
configure:3719: checking for suffix of executables
configure:3726: gcc -o conftest    conftest.c  >&5
configure:3730: $? = 0
configure:3752: result: 
configure:3774: checking whether we are cross compiling
configure:3782: gcc -o conftest    conftest.c  >&5
configure:3786: $? = 0
configure:3793: ./conftest
configure:3797: $? = 0
configure:3785: result: no
configure:3790: checking for suffix of object files
configure:3812: gcc -c   conftest.c >&5
configure:3816: $? = 0
configure:3837: result: o
configure:3841: checking whether we are using the GNU C compiler
configure:3860: gcc -c   conftest.c >&5
configure:3860: $? = 0
configure:3869: result: yes
configure:3878: checking whether gcc accepts -g
configure:3898: gcc -c -g  conftest.c >&5
configure:3898: $? = 0
configure:3939: result: yes
configure:3956: checking for gcc option to accept ISO C89
configure:4019: gcc  -c -g -O2  conftest.c >&5
configure:4019: $? = 0
configure:4032: result: none needed
configure:4057: checking whether gcc understands -c and -o together
configure:4079: gcc -c conftest.c -o conftest2.o
configure:4082: $? = 0
configure:4079: gcc -c conftest.c -o conftest2.o
configure:4082: $? = 0
configure:4094: result: yes
configure:4114: checking whether make supports the include directive
configure:4129: make -f confmf.GNU && cat confinc.out
this is the am__doit target
configure:4132: $? = 0
configure:4151: result: yes (GNU style)
configure:4176: checking dependency style of gcc
configure:4287: result: gcc3
configure:4303: checking whether ln -s works
configure:4307: result: yes
configure:4320: checking how to run the C preprocessor
configure:4351: gcc -E  conftest.c
configure:4351: $? = 0
configure:4365: gcc -E  conftest.c
conftest.c:11:10: fatal error: ac_nonexistent.h: No such file or directory
   11 | #include <ac_nonexistent.h>
      |          ^~~~~~~~~~~~~~~~~~
compilation terminated.
configure:4365: $? = 1
configure: failed program was:
| /* confdefs.h */
| #define PACKAGE_NAME "libxml2"
| #define PACKAGE_TARNAME "libxml2"
| #define PACKAGE_VERSION "2.9.14"
| #define PACKAGE_STRING "libxml2 2.9.14"
| #define PACKAGE_BUGREPORT ""
| #define PACKAGE_URL ""
| #define PACKAGE "libxml2"
| #define VERSION "2.9.14"
| /* end confdefs.h.  */
| #include <ac_nonexistent.h>
configure:4390: result: gcc -E
configure:4410: gcc -E  conftest.c
configure:4410: $? = 0
configure:4424: gcc -E  conftest.c
conftest.c:11:10: fatal error: ac_nonexistent.h: No such file or directory
   11 | #include <ac_nonexistent.h>
      |          ^~~~~~~~~~~~~~~~~~
compilation terminated.
configure:4424: $? = 1
configure: failed program was:
| /* confdefs.h */
| #define PACKAGE_NAME "libxml2"
| #define PACKAGE_TARNAME "libxml2"
| #define PACKAGE_VERSION "2.9.14"
| #define PACKAGE_STRING "libxml2 2.9.14"
| #define PACKAGE_BUGREPORT ""
| #define PACKAGE_URL ""
| #define PACKAGE "libxml2"
| #define VERSION "2.9.14"
| /* end confdefs.h.  */
| #include <ac_nonexistent.h>
configure:4454: checking for mv
configure:4472: found /bin/mv
configure:4485: result: /bin/mv
configure:4495: checking for tar
configure:4513: found /bin/tar
configure:4526: result: /bin/tar
configure:4536: checking for perl
configure:4554: found /usr/bin/perl
configure:4567: result: /usr/bin/perl
configure:4577: checking for wget
configure:4595: found /usr/bin/wget
configure:4608: result: /usr/bin/wget
configure:4618: checking for xmllint
configure:4649: result: /usr/bin/xmllint
configure:4659: checking for xsltproc
configure:4690: result: /usr/bin/xsltproc
configure:4752: checking for pkg-config
configure:4770: found /usr/bin/pkg-config
configure:4782: result: /usr/bin/pkg-config
configure:4807: checking pkg-config is at least version 0.9.0
configure:4810: result: yes
configure:4865: checking how to print strings
configure:4892: result: printf
configure:4913: checking for a sed that does not truncate output
configure:4977: result: /bin/sed
configure:4995: checking for grep that handles long lines and -e
configure:5053: result: /bin/grep
configure:5058: checking for egrep
configure:5120: result: /bin/grep -E
configure:5125: checking for fgrep
configure:5187: result: /bin/grep -F
configure:5222: checking for ld used by gcc
configure:5289: result: /usr/bin/ld
configure:5296: checking if the linker (/usr/bin/ld) is GNU ld
configure:5311: result: yes
configure:5323: checking for BSD- or MS-compatible name lister (nm)
configure:5377: result: /usr/bin/nm -B
configure:5507: checking the name lister (/usr/bin/nm -B) interface
configure:5514: gcc -c -g -O2  conftest.c >&5
configure:5517: /usr/bin/nm -B "conftest.o"
configure:5520: output
0000000000000000 B some_variable
configure:5521: result: BSD nm
configure:5525: checking the maximum length of command line arguments
configure:5656: result: 1572864
configure:5704: checking how to convert x86_64-pc-linux-gnu file names to x86_64-pc-linux-gnu format
configure:5744: result: func_convert_file_noop
configure:5751: checking how to convert x86_64-pc-linux-gnu file names to toolchain format
configure:5771: result: func_convert_file_noop
configure:5778: checking for /usr/bin/ld option to reload object files
configure:5785: result: -r
configure:5859: checking for objdump
configure:5875: found /usr/bin/objdump
configure:5886: result: objdump
configure:5918: checking how to recognize dependent libraries
configure:6118: result: pass_all
configure:6203: checking for dlltool
configure:6233: result: no
configure:6263: checking how to associate runtime and link libraries
configure:6290: result: printf %s\n
configure:6351: checking for ar
configure:6367: found /usr/bin/ar
configure:6378: result: ar
configure:6415: checking for archiver @FILE support
configure:6432: gcc -c -g -O2  conftest.c >&5
configure:6432: $? = 0
configure:6435: ar cr libconftest.a @conftest.lst >&5
configure:6438: $? = 0
configure:6443: ar cr libconftest.a @conftest.lst >&5
ar: conftest.o: No such file or directory
configure:6446: $? = 1
configure:6445: result: @
configure:6503: checking for strip
configure:6519: found /usr/bin/strip
configure:6530: result: strip
configure:6602: checking for ranlib
configure:6618: found /usr/bin/ranlib
configure:6629: result: ranlib
configure:6731: checking command to parse /usr/bin/nm -B output from gcc object
configure:6884: gcc -c -g -O2  conftest.c >&5
configure:6887: $? = 0
configure:6891: /usr/bin/nm -B conftest.o | sed -n -e 's/^.*[	 ]\([ABCDGIRSTW][ABCDGIRSTW]*\)[	 ][	 ]*\([_A-Za-z][_A-Za-z0-9]*\)$/\1 \2 \2/p' | sed '/ __gnu_lto/d' > conftest.nm
configure:6957: gcc -o conftest -g -O2   conftest.c conftstm.o >&5
configure:6960: $? = 0
configure:6998: result: ok
configure:7045: checking for sysroot
configure:7075: result: no
configure:7082: checking for a working dd
configure:7120: result: /bin/dd
configure:7124: checking how to truncate binary pipes
configure:7139: result: /bin/dd bs=4096 count=1
configure:7275: gcc -c -g -O2  conftest.c >&5
configure:7278: $? = 0
configure:7468: checking for mt
configure:7484: found /bin/mt
configure:7495: result: mt
configure:7518: checking if mt is a manifest tool
configure:7524: mt '-?'
configure:7532: result: no
configure:8205: checking for ANSI C header files
configure:8225: gcc -c -g -O2  conftest.c >&5
configure:8225: $? = 0
configure:8298: gcc -o conftest -g -O2   conftest.c  >&5
configure:8298: $? = 0
configure:8298: ./conftest
configure:8298: $? = 0
configure:8309: result: yes
configure:8322: checking for sys/types.h
configure:8322: gcc -c -g -O2  conftest.c >&5
configure:8322: $? = 0
configure:8322: result: yes
configure:8322: checking for sys/stat.h
configure:8322: gcc -c -g -O2  conftest.c >&5
configure:8322: $? = 0
configure:8322: result: yes
configure:8322: checking for stdlib.h
configure:8322: gcc -c -g -O2  conftest.c >&5
configure:8322: $? = 0
configure:8322: result: yes
configure:8322: checking for string.h
configure:8322: gcc -c -g -O2  conftest.c >&5
configure:8322: $? = 0
configure:8322: result: yes
configure:8322: checking for memory.h
configure:8322: gcc -c -g -O2  conftest.c >&5
configure:8322: $? = 0
configure:8322: result: yes
configure:8322: checking for strings.h
configure:8322: gcc -c -g -O2  conftest.c >&5
configure:8322: $? = 0
configure:8322: result: yes
configure:8322: checking for inttypes.h
configure:8322: gcc -c -g -O2  conftest.c >&5
configure:8322: $? = 0
configure:8322: result: yes
configure:8322: checking for stdint.h
configure:8322: gcc -c -g -O2  conftest.c >&5
configure:8322: $? = 0
configure:8322: result: yes
configure:8322: checking for unistd.h
configure:8322: gcc -c -g -O2  conftest.c >&5
configure:8322: $? = 0
configure:8322: result: yes
configure:8336: checking for dlfcn.h
configure:8336: gcc -c -g -O2  conftest.c >&5
configure:8336: $? = 0
configure:8336: result: yes
configure:8592: checking for objdir
configure:8607: result: .libs
configure:8871: checking if gcc supports -fno-rtti -fno-exceptions
configure:8889: gcc -c -g -O2  -fno-rtti -fno-exceptions conftest.c >&5
cc1: warning: command line option '-fno-rtti' is valid for C++/D/ObjC++ but not for C
configure:8893: $? = 0
configure:8906: result: no
configure:9270: checking for gcc option to produce PIC
configure:9277: result: -fPIC -DPIC
configure:9285: checking if gcc PIC flag -fPIC -DPIC works
configure:9303: gcc -c -g -O2  -fPIC -DPIC -DPIC conftest.c >&5
configure:9307: $? = 0
configure:9320: result: yes
configure:9349: checking if gcc static flag -static works
configure:9377: result: yes
configure:9392: checking if gcc supports -c -o file.o
configure:9413: gcc -c -g -O2  -o out/conftest2.o conftest.c >&5
configure:9417: $? = 0
configure:9439: result: yes
configure:9447: checking if gcc supports -c -o file.o
configure:9494: result: yes
configure:9527: checking whether the gcc linker (/usr/bin/ld -m elf_x86_64) supports shared libraries
configure:10790: result: yes
configure:10827: checking whether -lc should be explicitly linked in
configure:10835: gcc -c -g -O2  conftest.c >&5
configure:10838: $? = 0
configure:10853: gcc -shared  -fPIC -DPIC conftest.o  -v -Wl,-soname -Wl,conftest -o conftest 2\>\&1 \| /bin/grep  -lc  \>/dev/null 2\>\&1
configure:10856: $? = 0
configure:10870: result: no
configure:11030: checking dynamic linker characteristics
configure:11611: gcc -o conftest -g -O2   -Wl,-rpath -Wl,/foo conftest.c  >&5
configure:11611: $? = 0
configure:11860: result: GNU/Linux ld.so
configure:11982: checking how to hardcode library paths into programs
configure:12007: result: immediate
configure:12555: checking whether stripping libraries is possible
configure:12560: result: yes
configure:12595: checking if libtool supports shared libraries
configure:12597: result: yes
configure:12600: checking whether to build shared libraries
configure:12625: result: yes
configure:12628: checking whether to build static libraries
configure:12632: result: yes
configure:9928: checking for Z
configure:9935: $PKG_CONFIG --exists --print-errors "zlib"
configure:9938: $? = 0
configure:9952: $PKG_CONFIG --exists --print-errors "zlib"
configure:9955: $? = 0
configure:9993: result: yes
configure:10083: checking for LZMA
configure:10090: $PKG_CONFIG --exists --print-errors "liblzma"
Package liblzma was not found in the pkg-config search path.
Perhaps you should add the directory containing `liblzma.pc'
to the PKG_CONFIG_PATH environment variable
No package 'liblzma' found
configure:10093: $? = 1
configure:10107: $PKG_CONFIG --exists --print-errors "liblzma"
Package liblzma was not found in the pkg-config search path.
Perhaps you should add the directory containing `liblzma.pc'
to the PKG_CONFIG_PATH environment variable
No package 'liblzma' found
configure:10110: $? = 1
configure:10124: result: no
No package 'liblzma' found
configure:10160: checking lzma.h usability
configure:10160: gcc -c -g -O2  conftest.c >&5
conftest.c:56:10: fatal error: lzma.h: No such file or directory
   56 | #include <lzma.h>
      |          ^~~~~~~~
compilation terminated.
configure:10160: $? = 1
configure: failed program was:
| /* confdefs.h */
| #define PACKAGE_NAME "libxml2"
| #define PACKAGE_TARNAME "libxml2"
| #define PACKAGE_VERSION "2.9.14"
| #define PACKAGE_STRING "libxml2 2.9.14"
| #define PACKAGE_BUGREPORT ""
| #define PACKAGE_URL ""
| #define PACKAGE "libxml2"
| #define VERSION "2.9.14"
| #define STDC_HEADERS 1
| #define HAVE_SYS_TYPES_H 1
| #define HAVE_SYS_STAT_H 1
| #define HAVE_STDLIB_H 1
| #define HAVE_STRING_H 1
| #define HAVE_MEMORY_H 1
| #define HAVE_STRINGS_H 1
| #define HAVE_INTTYPES_H 1
| #define HAVE_STDINT_H 1
| #define HAVE_UNISTD_H 1
| #define HAVE_DLFCN_H 1
| #define LT_OBJDIR ".libs/"
| /* end confdefs.h.  */
| #include <stdio.h>
| #ifdef HAVE_SYS_TYPES_H
| # include <sys/types.h>
| #endif
| #ifdef HAVE_SYS_STAT_H
| # include <sys/stat.h>
| #endif
| #ifdef STDC_HEADERS
| # include <stdlib.h>
| # include <stddef.h>
| #else
| # ifdef HAVE_STDLIB_H
| #  include <stdlib.h>
| # endif
| #endif
| #ifdef HAVE_STRING_H
| # if !defined STDC_HEADERS && defined HAVE_MEMORY_H
| #  include <memory.h>
| # endif
| # include <string.h>
| #endif
| #ifdef HAVE_STRINGS_H
| # include <strings.h>
| #endif
| #ifdef HAVE_INTTYPES_H
| # include <inttypes.h>
| #endif
| #ifdef HAVE_STDINT_H
| # include <stdint.h>
| #endif
| #ifdef HAVE_UNISTD_H
| # include <unistd.h>
| #endif
| #include <lzma.h>
configure:10160: result: no
configure:10160: checking lzma.h presence
configure:10160: gcc -E  conftest.c
conftest.c:23:10: fatal error: lzma.h: No such file or directory
   23 | #include <lzma.h>
      |          ^~~~~~~~
compilation terminated.
configure:10160: $? = 1
configure: failed program was:
| /* confdefs.h */
| #define PACKAGE_NAME "libxml2"
| #define PACKAGE_TARNAME "libxml2"
| #define PACKAGE_VERSION "2.9.14"
| #define PACKAGE_STRING "libxml2 2.9.14"
| #define PACKAGE_BUGREPORT ""
| #define PACKAGE_URL ""
| #define PACKAGE "libxml2"
| #define VERSION "2.9.14"
| #define STDC_HEADERS 1
| #define HAVE_SYS_TYPES_H 1
| #define HAVE_SYS_STAT_H 1
| #define HAVE_STDLIB_H 1
| #define HAVE_STRING_H 1
| #define HAVE_MEMORY_H 1
| #define HAVE_STRINGS_H 1
| #define HAVE_INTTYPES_H 1
| #define HAVE_STDINT_H 1
| #define HAVE_UNISTD_H 1
| #define HAVE_DLFCN_H 1
| #define LT_OBJDIR ".libs/"
| /* end confdefs.h.  */
| #include <lzma.h>
configure:10160: result: no
configure:10160: checking for lzma.h
configure:10160: result: no
configure:10232: checking for dirent.h that defines DIR
configure:10251: gcc -c -g -O2  conftest.c >&5
configure:10251: $? = 0
configure:10259: result: yes
configure:10272: checking for library containing opendir
configure:10303: gcc -o conftest -g -O2   conftest.c  >&5
configure:10303: $? = 0
configure:10320: result: none required
configure:10387: checking for ANSI C header files
configure:10491: result: yes
configure:10501: checking fcntl.h usability
configure:10501: gcc -c -g -O2  conftest.c >&5
configure:10501: $? = 0
configure:10501: result: yes
configure:10501: checking fcntl.h presence
configure:10501: gcc -E  conftest.c
configure:10501: $? = 0
configure:10501: result: yes
configure:10501: checking for fcntl.h
configure:10501: result: yes
configure:10513: checking for unistd.h
configure:10513: result: yes
configure:10525: checking ctype.h usability
configure:10525: gcc -c -g -O2  conftest.c >&5
configure:10525: $? = 0
configure:10525: result: yes
configure:10525: checking ctype.h presence
configure:10525: gcc -E  conftest.c
configure:10525: $? = 0
configure:10525: result: yes
configure:10525: checking for ctype.h
configure:10525: result: yes
configure:10537: checking errno.h usability
configure:10537: gcc -c -g -O2  conftest.c >&5
configure:10537: $? = 0
configure:10537: result: yes
configure:10537: checking errno.h presence
configure:10537: gcc -E  conftest.c
configure:10537: $? = 0
configure:10537: result: yes
configure:10537: checking for errno.h
configure:10537: result: yes
configure:10549: checking malloc.h usability
configure:10549: gcc -c -g -O2  conftest.c >&5
configure:10549: $? = 0
configure:10549: result: yes
configure:10549: checking malloc.h presence
configure:10549: gcc -E  conftest.c
configure:10549: $? = 0
configure:10549: result: yes
configure:10549: checking for malloc.h
configure:10549: result: yes
configure:10561: checking stdarg.h usability
configure:10561: gcc -c -g -O2  conftest.c >&5
configure:10561: $? = 0
configure:10561: result: yes
configure:10561: checking stdarg.h presence
configure:10561: gcc -E  conftest.c
configure:10561: $? = 0
configure:10561: result: yes
configure:10561: checking for stdarg.h
configure:10561: result: yes
configure:10573: checking for sys/stat.h
configure:10573: result: yes
configure:10585: checking for sys/types.h
configure:10585: result: yes
configure:10597: checking for stdint.h
configure:10597: result: yes
configure:10609: checking for inttypes.h
configure:10609: result: yes
configure:10621: checking time.h usability
configure:10621: gcc -c -g -O2  conftest.c >&5
configure:10621: $? = 0
configure:10621: result: yes
configure:10621: checking time.h presence
configure:10621: gcc -E  conftest.c
configure:10621: $? = 0
configure:10621: result: yes
configure:10621: checking for time.h
configure:10621: result: yes
configure:10633: checking math.h usability
configure:10633: gcc -c -g -O2  conftest.c >&5
configure:10633: $? = 0
configure:10633: result: yes
configure:10633: checking math.h presence
configure:10633: gcc -E  conftest.c
configure:10633: $? = 0
configure:10633: result: yes
configure:10633: checking for math.h
configure:10633: result: yes
configure:10645: checking limits.h usability
configure:10645: gcc -c -g -O2  conftest.c >&5
configure:10645: $? = 0
configure:10645: result: yes
configure:10645: checking limits.h presence
configure:10645: gcc -E  conftest.c
configure:10645: $? = 0
configure:10645: result: yes
configure:10645: checking for limits.h
configure:10645: result: yes
configure:10657: checking float.h usability
configure:10657: gcc -c -g -O2  conftest.c >&5
configure:10657: $? = 0
configure:10657: result: yes
configure:10657: checking float.h presence
configure:10657: gcc -E  conftest.c
configure:10657: $? = 0
configure:10657: result: yes
configure:10657: checking for float.h
configure:10657: result: yes
configure:10669: checking for stdlib.h
configure:10669: result: yes
configure:10681: checking for sys/socket.h
configure:10681: gcc -c -g -O2  conftest.c >&5
configure:10681: $? = 0
configure:10681: result: yes
configure:10697: checking for netinet/in.h
configure:10697: gcc -c -g -O2  conftest.c >&5
configure:10697: $? = 0
configure:10697: result: yes
configure:10713: checking for arpa/inet.h
configure:10713: gcc -c -g -O2  conftest.c >&5
configure:10713: $? = 0
configure:10713: result: yes
configure:10732: checking netdb.h usability
configure:10732: gcc -c -g -O2  conftest.c >&5
configure:10732: $? = 0
configure:10732: result: yes
configure:10732: checking netdb.h presence
configure:10732: gcc -E  conftest.c
configure:10732: $? = 0
configure:10732: result: yes
configure:10732: checking for netdb.h
configure:10732: result: yes
configure:10744: checking sys/time.h usability
configure:10744: gcc -c -g -O2  conftest.c >&5
configure:10744: $? = 0
configure:10744: result: yes
configure:10744: checking sys/time.h presence
configure:10744: gcc -E  conftest.c
configure:10744: $? = 0
configure:10744: result: yes
configure:10744: checking for sys/time.h
configure:10744: result: yes
configure:10756: checking sys/select.h usability
configure:10756: gcc -c -g -O2  conftest.c >&5
configure:10756: $? = 0
configure:10756: result: yes
configure:10756: checking sys/select.h presence
configure:10756: gcc -E  conftest.c
configure:10756: $? = 0
configure:10756: result: yes
configure:10756: checking for sys/select.h
configure:10756: result: yes
configure:10768: checking poll.h usability
configure:10768: gcc -c -g -O2  conftest.c >&5
configure:10768: $? = 0
configure:10768: result: yes
configure:10768: checking poll.h presence
configure:10768: gcc -E  conftest.c
configure:10768: $? = 0
configure:10768: result: yes
configure:10768: checking for poll.h
configure:10768: result: yes
configure:10780: checking sys/mman.h usability
configure:10780: gcc -c -g -O2  conftest.c >&5
configure:10780: $? = 0
configure:10780: result: yes
configure:10780: checking sys/mman.h presence
configure:10780: gcc -E  conftest.c
configure:10780: $? = 0
configure:10780: result: yes
configure:10780: checking for sys/mman.h
configure:10780: result: yes
configure:10792: checking sys/timeb.h usability
configure:10792: gcc -c -g -O2  conftest.c >&5
configure:10792: $? = 0
configure:10792: result: yes
configure:10792: checking sys/timeb.h presence
configure:10792: gcc -E  conftest.c
configure:10792: $? = 0
configure:10792: result: yes
configure:10792: checking for sys/timeb.h
configure:10792: result: yes
configure:10804: checking signal.h usability
configure:10804: gcc -c -g -O2  conftest.c >&5
configure:10804: $? = 0
configure:10804: result: yes
configure:10804: checking signal.h presence
configure:10804: gcc -E  conftest.c
configure:10804: $? = 0
configure:10804: result: yes
configure:10804: checking for signal.h
configure:10804: result: yes
configure:10816: checking for arpa/nameser.h
configure:10816: gcc -c -g -O2  conftest.c >&5
configure:10816: $? = 0
configure:10816: result: yes
configure:10832: checking for resolv.h
configure:10832: gcc -c -g -O2  conftest.c >&5
configure:10832: $? = 0
configure:10832: result: yes
configure:10854: checking dl.h usability
configure:10854: gcc -c -g -O2  conftest.c >&5
conftest.c:85:10: fatal error: dl.h: No such file or directory
   85 | #include <dl.h>
      |          ^~~~~~
compilation terminated.
configure:10854: $? = 1
configure: failed program was:
| /* confdefs.h */
| #define PACKAGE_NAME "libxml2"
| #define PACKAGE_TARNAME "libxml2"
| #define PACKAGE_VERSION "2.9.14"
| #define PACKAGE_STRING "libxml2 2.9.14"
| #define PACKAGE_BUGREPORT ""
| #define PACKAGE_URL ""
| #define PACKAGE "libxml2"
| #define VERSION "2.9.14"
| #define STDC_HEADERS 1
| #define HAVE_SYS_TYPES_H 1
| #define HAVE_SYS_STAT_H 1
| #define HAVE_STDLIB_H 1
| #define HAVE_STRING_H 1
| #define HAVE_MEMORY_H 1
| #define HAVE_STRINGS_H 1
| #define HAVE_INTTYPES_H 1
| #define HAVE_STDINT_H 1
| #define HAVE_UNISTD_H 1
| #define HAVE_DLFCN_H 1
| #define LT_OBJDIR ".libs/"
| #define HAVE_DIRENT_H 1
| #define STDC_HEADERS 1
| #define HAVE_FCNTL_H 1
| #define HAVE_UNISTD_H 1
| #define HAVE_CTYPE_H 1
| #define HAVE_ERRNO_H 1
| #define HAVE_MALLOC_H 1
| #define HAVE_STDARG_H 1
| #define HAVE_SYS_STAT_H 1
| #define HAVE_SYS_TYPES_H 1
| #define HAVE_STDINT_H 1
| #define HAVE_INTTYPES_H 1
| #define HAVE_TIME_H 1
| #define HAVE_MATH_H 1
| #define HAVE_LIMITS_H 1
| #define HAVE_FLOAT_H 1
| #define HAVE_STDLIB_H 1
| #define HAVE_SYS_SOCKET_H 1
| #define HAVE_NETINET_IN_H 1
| #define HAVE_ARPA_INET_H 1
| #define HAVE_NETDB_H 1
| #define HAVE_SYS_TIME_H 1
| #define HAVE_SYS_SELECT_H 1
| #define HAVE_POLL_H 1
| #define HAVE_SYS_MMAN_H 1
| #define HAVE_SYS_TIMEB_H 1
| #define HAVE_SIGNAL_H 1
| #define HAVE_ARPA_NAMESER_H 1
| #define HAVE_RESOLV_H 1
| /* end confdefs.h.  */
| #include <stdio.h>
| #ifdef HAVE_SYS_TYPES_H
| # include <sys/types.h>
| #endif
| #ifdef HAVE_SYS_STAT_H
| # include <sys/stat.h>
| #endif
| #ifdef STDC_HEADERS
| # include <stdlib.h>
| # include <stddef.h>
| #else
| # ifdef HAVE_STDLIB_H
| #  include <stdlib.h>
| # endif
| #endif
| #ifdef HAVE_STRING_H
| # if !defined STDC_HEADERS && defined HAVE_MEMORY_H
| #  include <memory.h>
| # endif
| # include <string.h>
| #endif
| #ifdef HAVE_STRINGS_H
| # include <strings.h>
| #endif
| #ifdef HAVE_INTTYPES_H
| # include <inttypes.h>
| #endif
| #ifdef HAVE_STDINT_H
| # include <stdint.h>
| #endif
| #ifdef HAVE_UNISTD_H
| # include <unistd.h>
| #endif
| #include <dl.h>
configure:10854: result: no
configure:10854: checking dl.h presence
configure:10854: gcc -E  conftest.c
conftest.c:52:10: fatal error: dl.h: No such file or directory
   52 | #include <dl.h>
      |          ^~~~~~
compilation terminated.
configure:10854: $? = 1
configure: failed program was:
| /* confdefs.h */
| #define PACKAGE_NAME "libxml2"
| #define PACKAGE_TARNAME "libxml2"
| #define PACKAGE_VERSION "2.9.14"
| #define PACKAGE_STRING "libxml2 2.9.14"
| #define PACKAGE_BUGREPORT ""
| #define PACKAGE_URL ""
| #define PACKAGE "libxml2"
| #define VERSION "2.9.14"
| #define STDC_HEADERS 1
| #define HAVE_SYS_TYPES_H 1
| #define HAVE_SYS_STAT_H 1
| #define HAVE_STDLIB_H 1
| #define HAVE_STRING_H 1
| #define HAVE_MEMORY_H 1
| #define HAVE_STRINGS_H 1
| #define HAVE_INTTYPES_H 1
| #define HAVE_STDINT_H 1
| #define HAVE_UNISTD_H 1
| #define HAVE_DLFCN_H 1
| #define LT_OBJDIR ".libs/"
| #define HAVE_DIRENT_H 1
| #define STDC_HEADERS 1
| #define HAVE_FCNTL_H 1
| #define HAVE_UNISTD_H 1
| #define HAVE_CTYPE_H 1
| #define HAVE_ERRNO_H 1
| #define HAVE_MALLOC_H 1
| #define HAVE_STDARG_H 1
| #define HAVE_SYS_STAT_H 1
| #define HAVE_SYS_TYPES_H 1
| #define HAVE_STDINT_H 1
| #define HAVE_INTTYPES_H 1
| #define HAVE_TIME_H 1
| #define HAVE_MATH_H 1
| #define HAVE_LIMITS_H 1
| #define HAVE_FLOAT_H 1
| #define HAVE_STDLIB_H 1
| #define HAVE_SYS_SOCKET_H 1
| #define HAVE_NETINET_IN_H 1
| #define HAVE_ARPA_INET_H 1
| #define HAVE_NETDB_H 1
| #define HAVE_SYS_TIME_H 1
| #define HAVE_SYS_SELECT_H 1
| #define HAVE_POLL_H 1
| #define HAVE_SYS_MMAN_H 1
| #define HAVE_SYS_TIMEB_H 1
| #define HAVE_SIGNAL_H 1
| #define HAVE_ARPA_NAMESER_H 1
| #define HAVE_RESOLV_H 1
| /* end confdefs.h.  */
| #include <dl.h>
configure:10854: result: no
configure:10854: checking for dl.h
configure:10854: result: no
configure:10866: checking for dlfcn.h
configure:10866: result: yes
configure:10880: checking for uint32_t
configure:10880: gcc -c -g -O2  conftest.c >&5
configure:10880: $? = 0
configure:10880: result: yes
configure:10900: checking for strftime
configure:10900: gcc -o conftest -g -O2   conftest.c  >&5
conftest.c:76:6: warning: conflicting types for built-in function 'strftime'; expected 'long unsigned int(char *, long unsigned int,  const char *, const void *)' [-Wbuiltin-declaration-mismatch]
   76 | char strftime ();
      |      ^~~~~~~~
conftest.c:64:1: note: 'strftime' is declared in header '<time.h>'
   63 | # include <limits.h>
   64 | #else
configure:10900: $? = 0
configure:10900: result: yes
configure:10956: checking for strftime
configure:10956: result: yes
configure:10956: checking for localtime
configure:10956: gcc -o conftest -g -O2   conftest.c  >&5
configure:10956: $? = 0
configure:10956: result: yes
configure:10956: checking for gettimeofday
configure:10956: gcc -o conftest -g -O2   conftest.c  >&5
configure:10956: $? = 0
configure:10956: result: yes
configure:10956: checking for ftime
configure:10956: gcc -o conftest -g -O2   conftest.c  >&5
configure:10956: $? = 0
configure:10956: result: yes
configure:10968: checking for stat
configure:10968: gcc -o conftest -g -O2   conftest.c  >&5
configure:10968: $? = 0
configure:10968: result: yes
configure:10968: checking for signal
configure:10968: gcc -o conftest -g -O2   conftest.c  >&5
configure:10968: $? = 0
configure:10968: result: yes
configure:10980: checking for rand
configure:10980: gcc -o conftest -g -O2   conftest.c  >&5
configure:10980: $? = 0
configure:10980: result: yes
configure:10980: checking for rand_r
configure:10980: gcc -o conftest -g -O2   conftest.c  >&5
configure:10980: $? = 0
configure:10980: result: yes
configure:10980: checking for srand
configure:10980: gcc -o conftest -g -O2   conftest.c  >&5
configure:10980: $? = 0
configure:10980: result: yes
configure:10980: checking for time
configure:10980: gcc -o conftest -g -O2   conftest.c  >&5
configure:10980: $? = 0
configure:10980: result: yes
configure:10992: checking for isascii
configure:10992: gcc -o conftest -g -O2   conftest.c  >&5
conftest.c:87:6: warning: conflicting types for built-in function 'isascii'; expected 'int(int)' [-Wbuiltin-declaration-mismatch]
   87 | char isascii ();
      |      ^~~~~~~
configure:10992: $? = 0
configure:10992: result: yes
configure:10992: checking for mmap
configure:10992: gcc -o conftest -g -O2   conftest.c  >&5
configure:10992: $? = 0
configure:10992: result: yes
configure:10992: checking for munmap
configure:10992: gcc -o conftest -g -O2   conftest.c  >&5
configure:10992: $? = 0
configure:10992: result: yes
configure:10992: checking for putenv
configure:10992: gcc -o conftest -g -O2   conftest.c  >&5
configure:10992: $? = 0
configure:10992: result: yes
configure:11004: checking for va_copy
configure:11018: gcc -o conftest -g -O2   conftest.c  >&5
configure:11018: $? = 0
configure:11025: result: yes
configure:11062: checking whether va_list is an array type
configure:14351: gcc -c -g -O2  conftest.c >&5
configure: In function 'main':
configure:14347:34: error: cast specifies array type
14347 | 
      |                                  ^
configure: failed program was:
#line 14341 "configure"
#include "confdefs.h"

#include <stdarg.h>
void a(va_list * ap) {}
int main(void) {

va_list ap1, ap2; a(&ap1); ap2 = (va_list) ap1
; return 0; }
configure:11085: result: yes
configure:11093: checking for library containing gethostent
configure:11124: gcc -o conftest -g -O2   conftest.c  >&5
configure:11124: $? = 0
configure:11141: result: none required
configure:11149: checking for library containing setsockopt
configure:11180: gcc -o conftest -g -O2   conftest.c  >&5
configure:11180: $? = 0
configure:11197: result: none required
configure:11205: checking for library containing connect
configure:11236: gcc -o conftest -g -O2   conftest.c  >&5
configure:11236: $? = 0
configure:11253: result: none required
configure:11262: checking for type of socket length (socklen_t)
configure:14552: gcc -c -g -O2  conftest.c >&5
configure:11279: result: socklen_t *
configure:11348: checking for const gethostbyname() argument
configure:11361: gcc -o conftest -g -O2   conftest.c  >&5
configure:11361: $? = 0
configure:11368: result: yes
configure:11380: checking for const send() second argument
configure:11394: gcc -o conftest -g -O2   conftest.c  >&5
configure:11394: $? = 0
configure:11401: result: yes
configure:11413: checking whether __attribute__((destructor)) is accepted
configure:14701: gcc -c -g -O2  conftest.c >&5
configure:11428: result: yes
configure:11448: checking whether to enable IPv6
configure:11480: gcc -c -g -O2  conftest.c >&5
configure:11480: $? = 0
configure:11487: result: yes
configure:11496: checking struct sockaddr::ss_family
configure:11515: gcc -c -g -O2  conftest.c >&5
configure:11515: $? = 0
configure:11522: result: yes
configure:11567: checking for getaddrinfo
configure:11567: gcc -o conftest -g -O2   conftest.c  >&5
configure:11567: $? = 0
configure:11567: result: yes
configure:11719: checking for python
configure:11752: result: no
configure:11894: checking for shl_load
configure:11894: gcc -o conftest -g -O2   conftest.c  >&5
/usr/bin/ld: /tmp/ccv5cALr.o: in function `main':
/home/cat/csscheck/myxml/libxml2-2.9.14/conftest.c:111: undefined reference to `shl_load'
collect2: error: ld returned 1 exit status
configure:11894: $? = 1
configure: failed program was:
| /* confdefs.h */
| #define PACKAGE_NAME "libxml2"
| #define PACKAGE_TARNAME "libxml2"
| #define PACKAGE_VERSION "2.9.14"
| #define PACKAGE_STRING "libxml2 2.9.14"
| #define PACKAGE_BUGREPORT ""
| #define PACKAGE_URL ""
| #define PACKAGE "libxml2"
| #define VERSION "2.9.14"
| #define STDC_HEADERS 1
| #define HAVE_SYS_TYPES_H 1
| #define HAVE_SYS_STAT_H 1
| #define HAVE_STDLIB_H 1
| #define HAVE_STRING_H 1
| #define HAVE_MEMORY_H 1
| #define HAVE_STRINGS_H 1
| #define HAVE_INTTYPES_H 1
| #define HAVE_STDINT_H 1
| #define HAVE_UNISTD_H 1
| #define HAVE_DLFCN_H 1
| #define LT_OBJDIR ".libs/"
| #define HAVE_DIRENT_H 1
| #define STDC_HEADERS 1
| #define HAVE_FCNTL_H 1
| #define HAVE_UNISTD_H 1
| #define HAVE_CTYPE_H 1
| #define HAVE_ERRNO_H 1
| #define HAVE_MALLOC_H 1
| #define HAVE_STDARG_H 1
| #define HAVE_SYS_STAT_H 1
| #define HAVE_SYS_TYPES_H 1
| #define HAVE_STDINT_H 1
| #define HAVE_INTTYPES_H 1
| #define HAVE_TIME_H 1
| #define HAVE_MATH_H 1
| #define HAVE_LIMITS_H 1
| #define HAVE_FLOAT_H 1
| #define HAVE_STDLIB_H 1
| #define HAVE_SYS_SOCKET_H 1
| #define HAVE_NETINET_IN_H 1
| #define HAVE_ARPA_INET_H 1
| #define HAVE_NETDB_H 1
| #define HAVE_SYS_TIME_H 1
| #define HAVE_SYS_SELECT_H 1
| #define HAVE_POLL_H 1
| #define HAVE_SYS_MMAN_H 1
| #define HAVE_SYS_TIMEB_H 1
| #define HAVE_SIGNAL_H 1
| #define HAVE_ARPA_NAMESER_H 1
| #define HAVE_RESOLV_H 1
| #define HAVE_DLFCN_H 1
| #define HAVE_STRFTIME 1
| #define HAVE_STRFTIME 1
| #define HAVE_LOCALTIME 1
| #define HAVE_GETTIMEOFDAY 1
| #define HAVE_FTIME 1
| #define HAVE_STAT 1
| #define HAVE_SIGNAL 1
| #define HAVE_RAND 1
| #define HAVE_RAND_R 1
| #define HAVE_SRAND 1
| #define HAVE_TIME 1
| #define HAVE_ISASCII 1
| #define HAVE_MMAP 1
| #define HAVE_MUNMAP 1
| #define HAVE_PUTENV 1
| #define HAVE_VA_COPY 1
| #define VA_LIST_IS_ARRAY 1
| #define XML_SOCKLEN_T socklen_t
| #define GETHOSTBYNAME_ARG_CAST /**/
| #define SEND_ARG2_CAST /**/
| #define HAVE_ATTRIBUTE_DESTRUCTOR 1
| #define ATTRIBUTE_DESTRUCTOR __attribute__((destructor))
| #define SUPPORT_IP6 /**/
| #define HAVE_GETADDRINFO /**/
| /* end confdefs.h.  */
| /* Define shl_load to an innocuous variant, in case <limits.h> declares shl_load.
|    For example, HP-UX 11i <limits.h> declares gettimeofday.  */
| #define shl_load innocuous_shl_load
| 
| /* System header to define __stub macros and hopefully few prototypes,
|     which can conflict with char shl_load (); below.
|     Prefer <limits.h> to <assert.h> if __STDC__ is defined, since
|     <limits.h> exists even on freestanding compilers.  */
| 
| #ifdef __STDC__
| # include <limits.h>
| #else
| # include <assert.h>
| #endif
| 
| #undef shl_load
| 
| /* Override any GCC internal prototype to avoid an error.
|    Use char because int might match the return type of a GCC
|    builtin and then its argument prototype would still apply.  */
| #ifdef __cplusplus
| extern "C"
| #endif
| char shl_load ();
| /* The GNU C library defines this for functions which it implements
|     to always fail with ENOSYS.  Some functions are actually named
|     something starting with __ and the normal name is an alias.  */
| #if defined __stub_shl_load || defined __stub___shl_load
| choke me
| #endif
| 
| int
| main ()
| {
| return shl_load ();
|   ;
|   return 0;
| }
configure:11894: result: no
configure:11899: checking for shl_load in -ldld
configure:11924: gcc -o conftest -g -O2   conftest.c -ldld   >&5
/usr/bin/ld: cannot find -ldld
collect2: error: ld returned 1 exit status
configure:11924: $? = 1
configure: failed program was:
| /* confdefs.h */
| #define PACKAGE_NAME "libxml2"
| #define PACKAGE_TARNAME "libxml2"
| #define PACKAGE_VERSION "2.9.14"
| #define PACKAGE_STRING "libxml2 2.9.14"
| #define PACKAGE_BUGREPORT ""
| #define PACKAGE_URL ""
| #define PACKAGE "libxml2"
| #define VERSION "2.9.14"
| #define STDC_HEADERS 1
| #define HAVE_SYS_TYPES_H 1
| #define HAVE_SYS_STAT_H 1
| #define HAVE_STDLIB_H 1
| #define HAVE_STRING_H 1
| #define HAVE_MEMORY_H 1
| #define HAVE_STRINGS_H 1
| #define HAVE_INTTYPES_H 1
| #define HAVE_STDINT_H 1
| #define HAVE_UNISTD_H 1
| #define HAVE_DLFCN_H 1
| #define LT_OBJDIR ".libs/"
| #define HAVE_DIRENT_H 1
| #define STDC_HEADERS 1
| #define HAVE_FCNTL_H 1
| #define HAVE_UNISTD_H 1
| #define HAVE_CTYPE_H 1
| #define HAVE_ERRNO_H 1
| #define HAVE_MALLOC_H 1
| #define HAVE_STDARG_H 1
| #define HAVE_SYS_STAT_H 1
| #define HAVE_SYS_TYPES_H 1
| #define HAVE_STDINT_H 1
| #define HAVE_INTTYPES_H 1
| #define HAVE_TIME_H 1
| #define HAVE_MATH_H 1
| #define HAVE_LIMITS_H 1
| #define HAVE_FLOAT_H 1
| #define HAVE_STDLIB_H 1
| #define HAVE_SYS_SOCKET_H 1
| #define HAVE_NETINET_IN_H 1
| #define HAVE_ARPA_INET_H 1
| #define HAVE_NETDB_H 1
| #define HAVE_SYS_TIME_H 1
| #define HAVE_SYS_SELECT_H 1
| #define HAVE_POLL_H 1
| #define HAVE_SYS_MMAN_H 1
| #define HAVE_SYS_TIMEB_H 1
| #define HAVE_SIGNAL_H 1
| #define HAVE_ARPA_NAMESER_H 1
| #define HAVE_RESOLV_H 1
| #define HAVE_DLFCN_H 1
| #define HAVE_STRFTIME 1
| #define HAVE_STRFTIME 1
| #define HAVE_LOCALTIME 1
| #define HAVE_GETTIMEOFDAY 1
| #define HAVE_FTIME 1
| #define HAVE_STAT 1
| #define HAVE_SIGNAL 1
| #define HAVE_RAND 1
| #define HAVE_RAND_R 1
| #define HAVE_SRAND 1
| #define HAVE_TIME 1
| #define HAVE_ISASCII 1
| #define HAVE_MMAP 1
| #define HAVE_MUNMAP 1
| #define HAVE_PUTENV 1
| #define HAVE_VA_COPY 1
| #define VA_LIST_IS_ARRAY 1
| #define XML_SOCKLEN_T socklen_t
| #define GETHOSTBYNAME_ARG_CAST /**/
| #define SEND_ARG2_CAST /**/
| #define HAVE_ATTRIBUTE_DESTRUCTOR 1
| #define ATTRIBUTE_DESTRUCTOR __attribute__((destructor))
| #define SUPPORT_IP6 /**/
| #define HAVE_GETADDRINFO /**/
| /* end confdefs.h.  */
| 
| /* Override any GCC internal prototype to avoid an error.
|    Use char because int might match the return type of a GCC
|    builtin and then its argument prototype would still apply.  */
| #ifdef __cplusplus
| extern "C"
| #endif
| char shl_load ();
| int
| main ()
| {
| return shl_load ();
|   ;
|   return 0;
| }
configure:11933: result: no
configure:11941: checking for dlopen
configure:11941: gcc -o conftest -g -O2   conftest.c  >&5
/usr/bin/ld: /tmp/ccmPwiyy.o: in function `main':
/home/cat/csscheck/myxml/libxml2-2.9.14/conftest.c:111: undefined reference to `dlopen'
collect2: error: ld returned 1 exit status
configure:11941: $? = 1
configure: failed program was:
| /* confdefs.h */
| #define PACKAGE_NAME "libxml2"
| #define PACKAGE_TARNAME "libxml2"
| #define PACKAGE_VERSION "2.9.14"
| #define PACKAGE_STRING "libxml2 2.9.14"
| #define PACKAGE_BUGREPORT ""
| #define PACKAGE_URL ""
| #define PACKAGE "libxml2"
| #define VERSION "2.9.14"
| #define STDC_HEADERS 1
| #define HAVE_SYS_TYPES_H 1
| #define HAVE_SYS_STAT_H 1
| #define HAVE_STDLIB_H 1
| #define HAVE_STRING_H 1
| #define HAVE_MEMORY_H 1
| #define HAVE_STRINGS_H 1
| #define HAVE_INTTYPES_H 1
| #define HAVE_STDINT_H 1
| #define HAVE_UNISTD_H 1
| #define HAVE_DLFCN_H 1
| #define LT_OBJDIR ".libs/"
| #define HAVE_DIRENT_H 1
| #define STDC_HEADERS 1
| #define HAVE_FCNTL_H 1
| #define HAVE_UNISTD_H 1
| #define HAVE_CTYPE_H 1
| #define HAVE_ERRNO_H 1
| #define HAVE_MALLOC_H 1
| #define HAVE_STDARG_H 1
| #define HAVE_SYS_STAT_H 1
| #define HAVE_SYS_TYPES_H 1
| #define HAVE_STDINT_H 1
| #define HAVE_INTTYPES_H 1
| #define HAVE_TIME_H 1
| #define HAVE_MATH_H 1
| #define HAVE_LIMITS_H 1
| #define HAVE_FLOAT_H 1
| #define HAVE_STDLIB_H 1
| #define HAVE_SYS_SOCKET_H 1
| #define HAVE_NETINET_IN_H 1
| #define HAVE_ARPA_INET_H 1
| #define HAVE_NETDB_H 1
| #define HAVE_SYS_TIME_H 1
| #define HAVE_SYS_SELECT_H 1
| #define HAVE_POLL_H 1
| #define HAVE_SYS_MMAN_H 1
| #define HAVE_SYS_TIMEB_H 1
| #define HAVE_SIGNAL_H 1
| #define HAVE_ARPA_NAMESER_H 1
| #define HAVE_RESOLV_H 1
| #define HAVE_DLFCN_H 1
| #define HAVE_STRFTIME 1
| #define HAVE_STRFTIME 1
| #define HAVE_LOCALTIME 1
| #define HAVE_GETTIMEOFDAY 1
| #define HAVE_FTIME 1
| #define HAVE_STAT 1
| #define HAVE_SIGNAL 1
| #define HAVE_RAND 1
| #define HAVE_RAND_R 1
| #define HAVE_SRAND 1
| #define HAVE_TIME 1
| #define HAVE_ISASCII 1
| #define HAVE_MMAP 1
| #define HAVE_MUNMAP 1
| #define HAVE_PUTENV 1
| #define HAVE_VA_COPY 1
| #define VA_LIST_IS_ARRAY 1
| #define XML_SOCKLEN_T socklen_t
| #define GETHOSTBYNAME_ARG_CAST /**/
| #define SEND_ARG2_CAST /**/
| #define HAVE_ATTRIBUTE_DESTRUCTOR 1
| #define ATTRIBUTE_DESTRUCTOR __attribute__((destructor))
| #define SUPPORT_IP6 /**/
| #define HAVE_GETADDRINFO /**/
| /* end confdefs.h.  */
| /* Define dlopen to an innocuous variant, in case <limits.h> declares dlopen.
|    For example, HP-UX 11i <limits.h> declares gettimeofday.  */
| #define dlopen innocuous_dlopen
| 
| /* System header to define __stub macros and hopefully few prototypes,
|     which can conflict with char dlopen (); below.
|     Prefer <limits.h> to <assert.h> if __STDC__ is defined, since
|     <limits.h> exists even on freestanding compilers.  */
| 
| #ifdef __STDC__
| # include <limits.h>
| #else
| # include <assert.h>
| #endif
| 
| #undef dlopen
| 
| /* Override any GCC internal prototype to avoid an error.
|    Use char because int might match the return type of a GCC
|    builtin and then its argument prototype would still apply.  */
| #ifdef __cplusplus
| extern "C"
| #endif
| char dlopen ();
| /* The GNU C library defines this for functions which it implements
|     to always fail with ENOSYS.  Some functions are actually named
|     something starting with __ and the normal name is an alias.  */
| #if defined __stub_dlopen || defined __stub___dlopen
| choke me
| #endif
| 
| int
| main ()
| {
| return dlopen ();
|   ;
|   return 0;
| }
configure:11941: result: no
configure:11946: checking for dlopen in -ldl
configure:11971: gcc -o conftest -g -O2   conftest.c -ldl   >&5
configure:11971: $? = 0
configure:11980: result: yes
configure:12099: checking pthread.h usability
configure:12099: gcc -c -g -O2  conftest.c >&5
configure:12099: $? = 0
configure:12099: result: yes
configure:12099: checking pthread.h presence
configure:12099: gcc -E  conftest.c
configure:12099: $? = 0
configure:12099: result: yes
configure:12099: checking for pthread.h
configure:12099: result: yes
configure:12101: checking for pthread_join in -lpthread
configure:12126: gcc -o conftest -g -O2   conftest.c -lpthread   >&5
configure:12126: $? = 0
configure:12135: result: yes
configure:12642: checking iconv.h usability
configure:12642: gcc -c -g -O2  conftest.c >&5
configure:12642: $? = 0
configure:12642: result: yes
configure:12642: checking iconv.h presence
configure:12642: gcc -E  conftest.c
configure:12642: $? = 0
configure:12642: result: yes
configure:12642: checking for iconv.h
configure:12642: result: yes
configure:12644: checking for iconv
configure:12660: gcc -o conftest -g -O2   conftest.c  >&5
configure:12660: $? = 0
configure:12662: result: yes
configure:12716: checking for iconv declaration
configure:12744: gcc -c -g -O2  conftest.c >&5
configure:12744: $? = 0
configure:12755: result: 
	extern size_t iconv (iconv_t cd,  char * *inbuf, size_t *inbytesleft, char * *outbuf, size_t *outbytesleft);
configure:13093: checking for printf
configure:13093: gcc -o conftest -g -O2   conftest.c  >&5
conftest.c:103:6: warning: conflicting types for built-in function 'printf'; expected 'int(const char *, ...)' [-Wbuiltin-declaration-mismatch]
  103 | char printf ();
      |      ^~~~~~
conftest.c:91:1: note: 'printf' is declared in header '<stdio.h>'
   90 | # include <limits.h>
   91 | #else
configure:13093: $? = 0
configure:13093: result: yes
configure:13093: checking for sprintf
configure:13093: gcc -o conftest -g -O2   conftest.c  >&5
conftest.c:104:6: warning: conflicting types for built-in function 'sprintf'; expected 'int(char *, const char *, ...)' [-Wbuiltin-declaration-mismatch]
  104 | char sprintf ();
      |      ^~~~~~~
conftest.c:92:1: note: 'sprintf' is declared in header '<stdio.h>'
   91 | # include <limits.h>
   92 | #else
configure:13093: $? = 0
configure:13093: result: yes
configure:13093: checking for fprintf
configure:13093: gcc -o conftest -g -O2   conftest.c  >&5
conftest.c:105:6: warning: conflicting types for built-in function 'fprintf'; expected 'int(void *, const char *, ...)' [-Wbuiltin-declaration-mismatch]
  105 | char fprintf ();
      |      ^~~~~~~
conftest.c:93:1: note: 'fprintf' is declared in header '<stdio.h>'
   92 | # include <limits.h>
   93 | #else
configure:13093: $? = 0
configure:13093: result: yes
configure:13093: checking for snprintf
configure:13093: gcc -o conftest -g -O2   conftest.c  >&5
conftest.c:106:6: warning: conflicting types for built-in function 'snprintf'; expected 'int(char *, long unsigned int,  const char *, ...)' [-Wbuiltin-declaration-mismatch]
  106 | char snprintf ();
      |      ^~~~~~~~
conftest.c:94:1: note: 'snprintf' is declared in header '<stdio.h>'
   93 | # include <limits.h>
   94 | #else
configure:13093: $? = 0
configure:13093: result: yes
configure:13093: checking for vfprintf
configure:13093: gcc -o conftest -g -O2   conftest.c  >&5
conftest.c:107:6: warning: conflicting types for built-in function 'vfprintf'; expected 'int(void *, const char *, __va_list_tag *)' [-Wbuiltin-declaration-mismatch]
  107 | char vfprintf ();
      |      ^~~~~~~~
conftest.c:95:1: note: 'vfprintf' is declared in header '<stdio.h>'
   94 | # include <limits.h>
   95 | #else
configure:13093: $? = 0
configure:13093: result: yes
configure:13093: checking for vsprintf
configure:13093: gcc -o conftest -g -O2   conftest.c  >&5
conftest.c:108:6: warning: conflicting types for built-in function 'vsprintf'; expected 'int(char *, const char *, __va_list_tag *)' [-Wbuiltin-declaration-mismatch]
  108 | char vsprintf ();
      |      ^~~~~~~~
conftest.c:96:1: note: 'vsprintf' is declared in header '<stdio.h>'
   95 | # include <limits.h>
   96 | #else
configure:13093: $? = 0
configure:13093: result: yes
configure:13093: checking for vsnprintf
configure:13093: gcc -o conftest -g -O2   conftest.c  >&5
conftest.c:109:6: warning: conflicting types for built-in function 'vsnprintf'; expected 'int(char *, long unsigned int,  const char *, __va_list_tag *)' [-Wbuiltin-declaration-mismatch]
  109 | char vsnprintf ();
      |      ^~~~~~~~~
conftest.c:97:1: note: 'vsnprintf' is declared in header '<stdio.h>'
   96 | # include <limits.h>
   97 | #else
configure:13093: $? = 0
configure:13093: result: yes
configure:13093: checking for sscanf
configure:13093: gcc -o conftest -g -O2   conftest.c  >&5
conftest.c:110:6: warning: conflicting types for built-in function 'sscanf'; expected 'int(const char *, const char *, ...)' [-Wbuiltin-declaration-mismatch]
  110 | char sscanf ();
      |      ^~~~~~
conftest.c:98:1: note: 'sscanf' is declared in header '<stdio.h>'
   97 | # include <limits.h>
   98 | #else
configure:13093: $? = 0
configure:13093: result: yes
configure:13254: checking that generated files are newer than configure
configure:13260: result: done
configure:13307: creating ./config.status

## ---------------------- ##
## Running config.status. ##
## ---------------------- ##

This file was extended by libxml2 config.status 2.9.14, which was
generated by GNU Autoconf 2.69.  Invocation command line was

  CONFIG_FILES    = 
  CONFIG_HEADERS  = 
  CONFIG_LINKS    = 
  CONFIG_COMMANDS = 
  $ ./config.status 

on cheshire

config.status:1295: creating libxml2.spec
config.status:1295: creating Makefile
config.status:1295: creating include/Makefile
config.status:1295: creating include/libxml/Makefile
config.status:1295: creating doc/Makefile
config.status:1295: creating doc/examples/Makefile
config.status:1295: creating doc/devhelp/Makefile
config.status:1295: creating example/Makefile
config.status:1295: creating fuzz/Makefile
config.status:1295: creating python/Makefile
config.status:1295: creating python/tests/Makefile
config.status:1295: creating xstc/Makefile
config.status:1295: creating include/libxml/xmlversion.h
config.status:1295: creating libxml-2.0.pc
config.status:1295: creating libxml-2.0-uninstalled.pc
config.status:1295: creating libxml2-config.cmake
config.status:1295: creating python/setup.py
config.status:1295: creating xml2-config
config.status:1295: creating config.h
config.status:1524: executing depfiles commands
config.status:1601: cd .       && sed -e '/# am--include-marker/d' Makefile         | make -f - am--depfiles
config.status:1606: $? = 0
config.status:1601: cd doc/examples       && sed -e '/# am--include-marker/d' Makefile         | make -f - am--depfiles
config.status:1606: $? = 0
config.status:1601: cd example       && sed -e '/# am--include-marker/d' Makefile         | make -f - am--depfiles
config.status:1606: $? = 0
config.status:1601: cd fuzz       && sed -e '/# am--include-marker/d' Makefile         | make -f - am--depfiles
config.status:1606: $? = 0
config.status:1601: cd python       && sed -e '/# am--include-marker/d' Makefile         | make -f - am--depfiles
config.status:1606: $? = 0
config.status:1524: executing libtool commands

## ---------------- ##
## Cache variables. ##
## ---------------- ##

ac_cv_build=x86_64-pc-linux-gnu
ac_cv_c_compiler_gnu=yes
ac_cv_c_uint32_t=yes
ac_cv_env_CC_set=
ac_cv_env_CC_value=
ac_cv_env_CFLAGS_set=
ac_cv_env_CFLAGS_value=
ac_cv_env_CPPFLAGS_set=
ac_cv_env_CPPFLAGS_value=
ac_cv_env_CPP_set=
ac_cv_env_CPP_value=
ac_cv_env_ICU_CFLAGS_set=
ac_cv_env_ICU_CFLAGS_value=
ac_cv_env_ICU_DEFS_set=
ac_cv_env_ICU_DEFS_value=
ac_cv_env_ICU_LIBS_set=
ac_cv_env_ICU_LIBS_value=
ac_cv_env_LDFLAGS_set=
ac_cv_env_LDFLAGS_value=
ac_cv_env_LIBS_set=
ac_cv_env_LIBS_value=
ac_cv_env_LT_SYS_LIBRARY_PATH_set=
ac_cv_env_LT_SYS_LIBRARY_PATH_value=
ac_cv_env_LZMA_CFLAGS_set=
ac_cv_env_LZMA_CFLAGS_value=
ac_cv_env_LZMA_LIBS_set=
ac_cv_env_LZMA_LIBS_value=
ac_cv_env_PKG_CONFIG_LIBDIR_set=
ac_cv_env_PKG_CONFIG_LIBDIR_value=
ac_cv_env_PKG_CONFIG_PATH_set=
ac_cv_env_PKG_CONFIG_PATH_value=
ac_cv_env_PKG_CONFIG_set=
ac_cv_env_PKG_CONFIG_value=
ac_cv_env_Z_CFLAGS_set=
ac_cv_env_Z_CFLAGS_value=
ac_cv_env_Z_LIBS_set=
ac_cv_env_Z_LIBS_value=
ac_cv_env_build_alias_set=
ac_cv_env_build_alias_value=
ac_cv_env_host_alias_set=
ac_cv_env_host_alias_value=
ac_cv_env_target_alias_set=
ac_cv_env_target_alias_value=
ac_cv_func_dlopen=no
ac_cv_func_fprintf=yes
ac_cv_func_ftime=yes
ac_cv_func_getaddrinfo=yes
ac_cv_func_gettimeofday=yes
ac_cv_func_isascii=yes
ac_cv_func_localtime=yes
ac_cv_func_mmap=yes
ac_cv_func_munmap=yes
ac_cv_func_printf=yes
ac_cv_func_putenv=yes
ac_cv_func_rand=yes
ac_cv_func_rand_r=yes
ac_cv_func_shl_load=no
ac_cv_func_signal=yes
ac_cv_func_snprintf=yes
ac_cv_func_sprintf=yes
ac_cv_func_srand=yes
ac_cv_func_sscanf=yes
ac_cv_func_stat=yes
ac_cv_func_strftime=yes
ac_cv_func_time=yes
ac_cv_func_vfprintf=yes
ac_cv_func_vsnprintf=yes
ac_cv_func_vsprintf=yes
ac_cv_header_arpa_inet_h=yes
ac_cv_header_arpa_nameser_h=yes
ac_cv_header_ctype_h=yes
ac_cv_header_dirent_dirent_h=yes
ac_cv_header_dl_h=no
ac_cv_header_dlfcn_h=yes
ac_cv_header_errno_h=yes
ac_cv_header_fcntl_h=yes
ac_cv_header_float_h=yes
ac_cv_header_iconv_h=yes
ac_cv_header_inttypes_h=yes
ac_cv_header_limits_h=yes
ac_cv_header_lzma_h=no
ac_cv_header_malloc_h=yes
ac_cv_header_math_h=yes
ac_cv_header_memory_h=yes
ac_cv_header_netdb_h=yes
ac_cv_header_netinet_in_h=yes
ac_cv_header_poll_h=yes
ac_cv_header_pthread_h=yes
ac_cv_header_resolv_h=yes
ac_cv_header_signal_h=yes
ac_cv_header_stdarg_h=yes
ac_cv_header_stdc=yes
ac_cv_header_stdint_h=yes
ac_cv_header_stdlib_h=yes
ac_cv_header_string_h=yes
ac_cv_header_strings_h=yes
ac_cv_header_sys_mman_h=yes
ac_cv_header_sys_select_h=yes
ac_cv_header_sys_socket_h=yes
ac_cv_header_sys_stat_h=yes
ac_cv_header_sys_time_h=yes
ac_cv_header_sys_timeb_h=yes
ac_cv_header_sys_types_h=yes
ac_cv_header_time_h=yes
ac_cv_header_unistd_h=yes
ac_cv_host=x86_64-pc-linux-gnu
ac_cv_lib_dl_dlopen=yes
ac_cv_lib_dld_shl_load=no
ac_cv_lib_pthread_pthread_join=yes
ac_cv_objext=o
ac_cv_path_EGREP='/bin/grep -E'
ac_cv_path_FGREP='/bin/grep -F'
ac_cv_path_GREP=/bin/grep
ac_cv_path_MV=/bin/mv
ac_cv_path_PERL=/usr/bin/perl
ac_cv_path_SED=/bin/sed
ac_cv_path_TAR=/bin/tar
ac_cv_path_WGET=/usr/bin/wget
ac_cv_path_XMLLINT=/usr/bin/xmllint
ac_cv_path_XSLTPROC=/usr/bin/xsltproc
ac_cv_path_ac_pt_PKG_CONFIG=/usr/bin/pkg-config
ac_cv_path_install='/usr/bin/install -c'
ac_cv_path_lt_DD=/bin/dd
ac_cv_path_mkdir=/bin/mkdir
ac_cv_prog_AWK=mawk
ac_cv_prog_CPP='gcc -E'
ac_cv_prog_ac_ct_AR=ar
ac_cv_prog_ac_ct_CC=gcc
ac_cv_prog_ac_ct_MANIFEST_TOOL=mt
ac_cv_prog_ac_ct_OBJDUMP=objdump
ac_cv_prog_ac_ct_RANLIB=ranlib
ac_cv_prog_ac_ct_STRIP=strip
ac_cv_prog_cc_c89=
ac_cv_prog_cc_g=yes
ac_cv_prog_make_make_set=yes
ac_cv_search_connect='none required'
ac_cv_search_gethostent='none required'
ac_cv_search_opendir='none required'
ac_cv_search_setsockopt='none required'
am_cv_CC_dependencies_compiler_type=gcc3
am_cv_make_support_nested_variables=yes
am_cv_prog_cc_c_o=yes
lt_cv_ar_at_file=@
lt_cv_archive_cmds_need_lc=no
lt_cv_deplibs_check_method=pass_all
lt_cv_file_magic_cmd='$MAGIC_CMD'
lt_cv_file_magic_test_file=
lt_cv_ld_reload_flag=-r
lt_cv_nm_interface='BSD nm'
lt_cv_objdir=.libs
lt_cv_path_LD=/usr/bin/ld
lt_cv_path_NM='/usr/bin/nm -B'
lt_cv_path_mainfest_tool=no
lt_cv_prog_compiler_c_o=yes
lt_cv_prog_compiler_pic='-fPIC -DPIC'
lt_cv_prog_compiler_pic_works=yes
lt_cv_prog_compiler_rtti_exceptions=no
lt_cv_prog_compiler_static_works=yes
lt_cv_prog_gnu_ld=yes
lt_cv_sharedlib_from_linklib_cmd='printf %s\n'
lt_cv_shlibpath_overrides_runpath=yes
lt_cv_sys_global_symbol_pipe='sed -n -e '\''s/^.*[	 ]\([ABCDGIRSTW][ABCDGIRSTW]*\)[	 ][	 ]*\([_A-Za-z][_A-Za-z0-9]*\)$/\1 \2 \2/p'\'' | sed '\''/ __gnu_lto/d'\'''
lt_cv_sys_global_symbol_to_c_name_address='sed -n -e '\''s/^: \(.*\) .*$/  {"\1", (void *) 0},/p'\'' -e '\''s/^[ABCDGIRSTW][ABCDGIRSTW]* .* \(.*\)$/  {"\1", (void *) \&\1},/p'\'''
lt_cv_sys_global_symbol_to_c_name_address_lib_prefix='sed -n -e '\''s/^: \(.*\) .*$/  {"\1", (void *) 0},/p'\'' -e '\''s/^[ABCDGIRSTW][ABCDGIRSTW]* .* \(lib.*\)$/  {"\1", (void *) \&\1},/p'\'' -e '\''s/^[ABCDGIRSTW][ABCDGIRSTW]* .* \(.*\)$/  {"lib\1", (void *) \&\1},/p'\'''
lt_cv_sys_global_symbol_to_cdecl='sed -n -e '\''s/^T .* \(.*\)$/extern int \1();/p'\'' -e '\''s/^[ABCDGIRSTW][ABCDGIRSTW]* .* \(.*\)$/extern char \1;/p'\'''
lt_cv_sys_global_symbol_to_import=
lt_cv_sys_max_cmd_len=1572864
lt_cv_to_host_file_cmd=func_convert_file_noop
lt_cv_to_tool_file_cmd=func_convert_file_noop
lt_cv_truncate_bin='/bin/dd bs=4096 count=1'
pkg_cv_Z_CFLAGS=
pkg_cv_Z_LIBS=-lz
xml_cv_iconv_arg2=
xml_cv_iconv_decl='extern size_t iconv (iconv_t cd,  char * *inbuf, size_t *inbytesleft, char * *outbuf, size_t *outbytesleft);'

## ----------------- ##
## Output variables. ##
## ----------------- ##

ACLOCAL='${SHELL} /home/cat/csscheck/myxml/libxml2-2.9.14/missing aclocal-1.16'
AMDEPBACKSLASH='\'
AMDEP_FALSE='#'
AMDEP_TRUE=''
AMTAR='$${TAR-tar}'
AM_BACKSLASH='\'
AM_DEFAULT_V='$(AM_DEFAULT_VERBOSITY)'
AM_DEFAULT_VERBOSITY='0'
AM_V='$(V)'
AR='ar'
AUTOCONF='${SHELL} /home/cat/csscheck/myxml/libxml2-2.9.14/missing autoconf'
AUTOHEADER='${SHELL} /home/cat/csscheck/myxml/libxml2-2.9.14/missing autoheader'
AUTOMAKE='${SHELL} /home/cat/csscheck/myxml/libxml2-2.9.14/missing automake-1.16'
AWK='mawk'
BASE_THREAD_LIBS='-lpthread'
C14N_OBJ='c14n.c'
CATALOG_OBJ='catalog.o'
CC='gcc'
CCDEPMODE='depmode=gcc3'
CFLAGS='-g -O2'
CPP='gcc -E'
CPPFLAGS=''
CYGPATH_W='echo'
CYGWIN_EXTRA_LDFLAGS=''
CYGWIN_EXTRA_PYTHON_LIBADD=''
DEBUG_OBJ='debugXML.o'
DEFS='-DHAVE_CONFIG_H'
DEPDIR='.deps'
DLLTOOL='false'
DOCB_OBJ='DOCBparser.o'
DSYMUTIL=''
DUMPBIN=''
ECHO_C=''
ECHO_N='-n'
ECHO_T=''
EGREP='/bin/grep -E'
EXEEXT=''
EXTRA_CFLAGS=' -pedantic -Wall -Wextra -Wshadow -Wpointer-arith -Wcast-align -Wwrite-strings -Waggregate-return -Wstrict-prototypes -Wmissing-prototypes -Wnested-externs -Winline -Wredundant-decls -Wno-long-long -Wno-format-extra-args'
FGREP='/bin/grep -F'
FTP_OBJ='nanoftp.o'
GREP='/bin/grep'
HTML_DIR='$(docdir)/html'
HTML_OBJ='HTMLparser.o HTMLtree.o'
HTTP_OBJ='nanohttp.o'
ICONV_LIBS=''
ICU_CFLAGS=''
ICU_DEFS=''
ICU_LIBS=''
INSTALL_DATA='${INSTALL} -m 644'
INSTALL_PROGRAM='${INSTALL}'
INSTALL_SCRIPT='${INSTALL}'
INSTALL_STRIP_PROGRAM='$(install_sh) -c -s'
LD='/usr/bin/ld -m elf_x86_64'
LDFLAGS=''
LIBOBJS=''
LIBS=''
LIBTOOL='$(SHELL) $(top_builddir)/libtool'
LIBXML_MAJOR_VERSION='2'
LIBXML_MICRO_VERSION='14'
LIBXML_MINOR_VERSION='9'
LIBXML_VERSION='2.9.14'
LIBXML_VERSION_EXTRA=''
LIBXML_VERSION_INFO='11:14:9'
LIBXML_VERSION_NUMBER='20914'
LIPO=''
LN_S='ln -s'
LTLIBOBJS=''
LT_SYS_LIBRARY_PATH=''
LZMA_CFLAGS=''
LZMA_LIBS=''
MAINT=''
MAINTAINER_MODE_FALSE='#'
MAINTAINER_MODE_TRUE=''
MAKEINFO='${SHELL} /home/cat/csscheck/myxml/libxml2-2.9.14/missing makeinfo'
MANIFEST_TOOL=':'
MKDIR_P='/bin/mkdir -p'
MODULE_EXTENSION='.so'
MODULE_PLATFORM_LIBS='-ldl'
MV='/bin/mv'
M_LIBS='-lm'
NM='/usr/bin/nm -B'
NMEDIT=''
OBJDUMP='objdump'
OBJEXT='o'
OTOOL64=''
OTOOL=''
PACKAGE='libxml2'
PACKAGE_BUGREPORT=''
PACKAGE_NAME='libxml2'
PACKAGE_STRING='libxml2 2.9.14'
PACKAGE_TARNAME='libxml2'
PACKAGE_URL=''
PACKAGE_VERSION='2.9.14'
PATH_SEPARATOR=':'
PERL='/usr/bin/perl'
PKG_CONFIG='/usr/bin/pkg-config'
PKG_CONFIG_LIBDIR=''
PKG_CONFIG_PATH=''
PYTHON=''
PYTHON_INCLUDES=''
PYTHON_LIBS=''
PYTHON_SITE_PACKAGES=''
PYTHON_SUBDIR=''
PYTHON_TESTS=''
PYTHON_VERSION=''
RANLIB='ranlib'
RDL_LIBS=''
READER_TEST='Readertests'
REBUILD_DOCS_FALSE=''
REBUILD_DOCS_TRUE='#'
RELDATE='Sat Aug 13 2022'
SED='/bin/sed'
SET_MAKE=''
SHELL='/bin/bash'
STATIC_BINARIES=''
STRIP='strip'
TAR='/bin/tar'
TEST_C14N='C14Ntests'
TEST_CATALOG='Catatests'
TEST_DEBUG='Scripttests'
TEST_HTML='HTMLtests'
TEST_MODULES='ModuleTests'
TEST_PATTERN='Patterntests'
TEST_PHTML='HTMLPushtests'
TEST_PUSH='XMLPushtests'
TEST_REGEXPS='Regexptests Automatatests'
TEST_SAX='SAXtests'
TEST_SCHEMAS='Schemastests Relaxtests'
TEST_SCHEMATRON='Schematrontests'
TEST_THREADS='Threadtests'
TEST_VALID='Validtests'
TEST_VTIME='VTimingtests'
TEST_XINCLUDE='XIncludetests'
TEST_XPATH='XPathtests'
TEST_XPTR='XPtrtests'
THREADS_W32_FALSE=''
THREADS_W32_TRUE='#'
THREAD_CFLAGS=' -D_REENTRANT'
THREAD_LIBS=''
USE_VERSION_SCRIPT_FALSE='#'
USE_VERSION_SCRIPT_TRUE=''
VERSION='2.9.14'
VERSION_SCRIPT_FLAGS='-Wl,--version-script='
WGET='/usr/bin/wget'
WIN32_EXTRA_LDFLAGS=''
WIN32_EXTRA_LIBADD=''
WIN32_EXTRA_PYTHON_LIBADD=''
WITH_C14N='1'
WITH_CATALOG='1'
WITH_DEBUG='1'
WITH_DOCB='1'
WITH_FTP='1'
WITH_HTML='1'
WITH_HTTP='1'
WITH_ICONV='1'
WITH_ICU='0'
WITH_ISO8859X='1'
WITH_LEGACY='1'
WITH_LZMA='0'
WITH_MEM_DEBUG='0'
WITH_MODULES='1'
WITH_OUTPUT='1'
WITH_PATTERN='1'
WITH_PUSH='1'
WITH_PYTHON_FALSE=''
WITH_PYTHON_TRUE='#'
WITH_READER='1'
WITH_REGEXPS='1'
WITH_RUN_DEBUG='0'
WITH_SAX1='1'
WITH_SAX1_SOURCES_FALSE=''
WITH_SAX1_SOURCES_TRUE='#'
WITH_SCHEMAS='1'
WITH_SCHEMATRON='1'
WITH_THREADS='1'
WITH_THREAD_ALLOC='0'
WITH_TREE='1'
WITH_TRIO='0'
WITH_TRIO_SOURCES_FALSE=''
WITH_TRIO_SOURCES_TRUE='#'
WITH_VALID='1'
WITH_WRITER='1'
WITH_XINCLUDE='1'
WITH_XPATH='1'
WITH_XPTR='1'
WITH_ZLIB='1'
XINCLUDE_OBJ='xinclude.o'
XMLLINT='/usr/bin/xmllint'
XML_CFLAGS=''
XML_INCLUDEDIR='-I${includedir}/libxml2'
XML_LIBDIR='-L${libdir}'
XML_LIBS='-lxml2'
XML_LIBTOOLLIBS='libxml2.la'
XML_PRIVATE_LIBS='-lz     -lm '
XPATH_OBJ='xpath.o'
XPTR_OBJ='xpointer.o'
XSLTPROC='/usr/bin/xsltproc'
Z_CFLAGS=''
Z_LIBS='-lz'
ac_ct_AR='ar'
ac_ct_CC='gcc'
ac_ct_DUMPBIN=''
am__EXEEXT_FALSE=''
am__EXEEXT_TRUE='#'
am__fastdepCC_FALSE='#'
am__fastdepCC_TRUE=''
am__include='include'
am__isrc=''
am__leading_dot='.'
am__nodep='_no'
am__quote=''
am__tar='$${TAR-tar} chof - "$$tardir"'
am__untar='$${TAR-tar} xf -'
bindir='${exec_prefix}/bin'
build='x86_64-pc-linux-gnu'
build_alias=''
build_cpu='x86_64'
build_os='linux-gnu'
build_vendor='pc'
datadir='${datarootdir}'
datarootdir='${prefix}/share'
docdir='${datarootdir}/doc/${PACKAGE_TARNAME}'
dvidir='${docdir}'
exec_prefix='${prefix}'
host='x86_64-pc-linux-gnu'
host_alias=''
host_cpu='x86_64'
host_os='linux-gnu'
host_vendor='pc'
htmldir='${docdir}'
includedir='${prefix}/include'
infodir='${datarootdir}/info'
install_sh='${SHELL} /home/cat/csscheck/myxml/libxml2-2.9.14/install-sh'
libdir='${exec_prefix}/lib'
libexecdir='${exec_prefix}/libexec'
localedir='${datarootdir}/locale'
localstatedir='${prefix}/var'
mandir='${datarootdir}/man'
mkdir_p='$(MKDIR_P)'
oldincludedir='/usr/include'
pdfdir='${docdir}'
prefix='/home/cat/csscheck/myxml/xmlinst'
program_transform_name='s,x,x,'
psdir='${docdir}'
pythondir='$(PYTHON_SITE_PACKAGES)'
runstatedir='${localstatedir}/run'
sbindir='${exec_prefix}/sbin'
sharedstatedir='${prefix}/com'
sysconfdir='${prefix}/etc'
target_alias=''

## ----------- ##
## confdefs.h. ##
## ----------- ##

/* confdefs.h */
#define PACKAGE_NAME "libxml2"
#define PACKAGE_TARNAME "libxml2"
#define PACKAGE_VERSION "2.9.14"
#define PACKAGE_STRING "libxml2 2.9.14"
#define PACKAGE_BUGREPORT ""
#define PACKAGE_URL ""
#define PACKAGE "libxml2"
#define VERSION "2.9.14"
#define STDC_HEADERS 1
#define HAVE_SYS_TYPES_H 1
#define HAVE_SYS_STAT_H 1
#define HAVE_STDLIB_H 1
#define HAVE_STRING_H 1
#define HAVE_MEMORY_H 1
#define HAVE_STRINGS_H 1
#define HAVE_INTTYPES_H 1
#define HAVE_STDINT_H 1
#define HAVE_UNISTD_H 1
#define HAVE_DLFCN_H 1
#define LT_OBJDIR ".libs/"
#define HAVE_DIRENT_H 1
#define STDC_HEADERS 1
#define HAVE_FCNTL_H 1
#define HAVE_UNISTD_H 1
#define HAVE_CTYPE_H 1
#define HAVE_ERRNO_H 1
#define HAVE_MALLOC_H 1
#define HAVE_STDARG_H 1
#define HAVE_SYS_STAT_H 1
#define HAVE_SYS_TYPES_H 1
#define HAVE_STDINT_H 1
#define HAVE_INTTYPES_H 1
#define HAVE_TIME_H 1
#define HAVE_MATH_H 1
#define HAVE_LIMITS_H 1
#define HAVE_FLOAT_H 1
#define HAVE_STDLIB_H 1
#define HAVE_SYS_SOCKET_H 1
#define HAVE_NETINET_IN_H 1
#define HAVE_ARPA_INET_H 1
#define HAVE_NETDB_H 1
#define HAVE_SYS_TIME_H 1
#define HAVE_SYS_SELECT_H 1
#define HAVE_POLL_H 1
#define HAVE_SYS_MMAN_H 1
#define HAVE_SYS_TIMEB_H 1
#define HAVE_SIGNAL_H 1
#define HAVE_ARPA_NAMESER_H 1
#define HAVE_RESOLV_H 1
#define HAVE_DLFCN_H 1
#define HAVE_STRFTIME 1
#define HAVE_STRFTIME 1
#define HAVE_LOCALTIME 1
#define HAVE_GETTIMEOFDAY 1
#define HAVE_FTIME 1
#define HAVE_STAT 1
#define HAVE_SIGNAL 1
#define HAVE_RAND 1
#define HAVE_RAND_R 1
#define HAVE_SRAND 1
#define HAVE_TIME 1
#define HAVE_ISASCII 1
#define HAVE_MMAP 1
#define HAVE_MUNMAP 1
#define HAVE_PUTENV 1
#define HAVE_VA_COPY 1
#define VA_LIST_IS_ARRAY 1
#define XML_SOCKLEN_T socklen_t
#define GETHOSTBYNAME_ARG_CAST /**/
#define SEND_ARG2_CAST /**/
#define HAVE_ATTRIBUTE_DESTRUCTOR 1
#define ATTRIBUTE_DESTRUCTOR __attribute__((destructor))
#define SUPPORT_IP6 /**/
#define HAVE_GETADDRINFO /**/
#define HAVE_DLOPEN /**/
#define HAVE_PTHREAD_H /**/
#define ICONV_CONST 
#define HAVE_PRINTF 1
#define HAVE_SPRINTF 1
#define HAVE_FPRINTF 1
#define HAVE_SNPRINTF 1
#define HAVE_VFPRINTF 1
#define HAVE_VSPRINTF 1
#define HAVE_VSNPRINTF 1
#define HAVE_SSCANF 1

configure: exit 0
